2019-10-25 03:41:51,032 - info - INFO - Starting inference /cptjack/totem/barrylee/NASH-ndpi/NASH-test/#1.ndpi...
2019-10-25 03:47:42,757 - info - INFO - Starting inference /cptjack/totem/barrylee/NASH-ndpi/NASH-test/#1.ndpi...
2019-10-25 03:50:30,124 - info - INFO - Starting inference /cptjack/totem/barrylee/NASH-ndpi/NASH-test/#1.ndpi...
2019-10-25 03:50:51,924 - info - INFO - Starting inference /cptjack/totem/barrylee/NASH-ndpi/NASH-test/#10.ndpi...
2019-10-25 03:53:51,880 - info - INFO - Starting inference /cptjack/totem/barrylee/NASH-ndpi/NASH-test/#1.ndpi...
2019-10-25 04:54:02,611 - info - INFO - Finished inference /cptjack/totem/barrylee/NASH-ndpi/NASH-test/#1.ndpi, needed 3610.73 sec
2019-10-25 04:54:02,613 - info - INFO - Starting inference /cptjack/totem/barrylee/NASH-ndpi/NASH-test/#10.ndpi...
2019-10-25 06:42:01,839 - info - INFO - Finished inference /cptjack/totem/barrylee/NASH-ndpi/NASH-test/#10.ndpi, needed 6479.23 sec
2019-10-25 06:42:01,841 - info - INFO - Starting inference /cptjack/totem/barrylee/NASH-ndpi/NASH-test/#2.ndpi...
2019-10-25 07:52:42,779 - info - INFO - Finished inference /cptjack/totem/barrylee/NASH-ndpi/NASH-test/#2.ndpi, needed 4240.94 sec
2019-10-25 07:52:42,780 - info - INFO - Starting inference /cptjack/totem/barrylee/NASH-ndpi/NASH-test/#27.ndpi...
2019-10-25 10:09:33,232 - info - INFO - Finished inference /cptjack/totem/barrylee/NASH-ndpi/NASH-test/#27.ndpi, needed 8210.45 sec
2019-10-25 10:09:33,233 - info - INFO - Starting inference /cptjack/totem/barrylee/NASH-ndpi/NASH-test/#3.ndpi...
2019-10-25 11:36:10,072 - info - INFO - Finished inference /cptjack/totem/barrylee/NASH-ndpi/NASH-test/#3.ndpi, needed 5196.84 sec
2019-10-25 11:36:10,073 - info - INFO - Starting inference /cptjack/totem/barrylee/NASH-ndpi/NASH-test/#4.ndpi...
2019-10-25 13:01:46,976 - info - INFO - Finished inference /cptjack/totem/barrylee/NASH-ndpi/NASH-test/#4.ndpi, needed 5136.90 sec
2019-10-25 13:01:46,977 - info - INFO - Starting inference /cptjack/totem/barrylee/NASH-ndpi/NASH-test/#5.ndpi...
2019-10-25 15:16:01,945 - info - INFO - Finished inference /cptjack/totem/barrylee/NASH-ndpi/NASH-test/#5.ndpi, needed 8054.97 sec
2019-10-25 15:16:01,946 - info - INFO - Starting inference /cptjack/totem/barrylee/NASH-ndpi/NASH-test/#7.ndpi...
2019-10-25 16:35:43,440 - info - INFO - Finished inference /cptjack/totem/barrylee/NASH-ndpi/NASH-test/#7.ndpi, needed 4781.49 sec
2019-10-25 16:35:43,442 - info - INFO - Starting inference /cptjack/totem/barrylee/NASH-ndpi/NASH-test/#8.ndpi...
2019-10-25 18:21:48,140 - info - INFO - Finished inference /cptjack/totem/barrylee/NASH-ndpi/NASH-test/#8.ndpi, needed 6364.70 sec
2019-10-25 18:21:48,141 - info - INFO - Starting inference /cptjack/totem/barrylee/NASH-ndpi/NASH-test/#9.ndpi...
2019-10-25 19:39:28,182 - info - INFO - Finished inference /cptjack/totem/barrylee/NASH-ndpi/NASH-test/#9.ndpi, needed 4660.04 sec
2019-11-01 02:44:07,202 - info - INFO - Starting inference /cptjack/totem/barrylee/NASH-ndpi/NASH-test/#1.ndpi...
2019-11-01 06:27:22,497 - info - INFO - Finished inference /cptjack/totem/barrylee/NASH-ndpi/NASH-test/#1.ndpi, needed 13395.29 sec
2019-11-01 06:27:22,497 - info - INFO - Starting inference /cptjack/totem/barrylee/NASH-ndpi/NASH-test/#10.ndpi...
2019-11-01 10:59:13,693 - info - INFO - Finished inference /cptjack/totem/barrylee/NASH-ndpi/NASH-test/#10.ndpi, needed 16311.20 sec
2019-11-01 10:59:13,694 - info - INFO - Starting inference /cptjack/totem/barrylee/NASH-ndpi/NASH-test/#2.ndpi...
2019-11-01 15:21:15,670 - info - INFO - Finished inference /cptjack/totem/barrylee/NASH-ndpi/NASH-test/#2.ndpi, needed 15721.98 sec
2019-11-01 15:21:15,670 - info - INFO - Starting inference /cptjack/totem/barrylee/NASH-ndpi/NASH-test/#27.ndpi...
2019-11-01 21:25:12,809 - info - INFO - Finished inference /cptjack/totem/barrylee/NASH-ndpi/NASH-test/#27.ndpi, needed 21837.14 sec
2019-11-01 21:25:12,809 - info - INFO - Starting inference /cptjack/totem/barrylee/NASH-ndpi/NASH-test/#3.ndpi...
2019-11-02 02:11:46,563 - info - INFO - Finished inference /cptjack/totem/barrylee/NASH-ndpi/NASH-test/#3.ndpi, needed 17193.75 sec
2019-11-02 02:11:46,563 - info - INFO - Starting inference /cptjack/totem/barrylee/NASH-ndpi/NASH-test/#4.ndpi...
2019-11-02 07:09:33,693 - info - INFO - Finished inference /cptjack/totem/barrylee/NASH-ndpi/NASH-test/#4.ndpi, needed 17867.13 sec
2019-11-02 07:09:33,693 - info - INFO - Starting inference /cptjack/totem/barrylee/NASH-ndpi/NASH-test/#5.ndpi...
2019-11-02 12:57:35,763 - info - INFO - Finished inference /cptjack/totem/barrylee/NASH-ndpi/NASH-test/#5.ndpi, needed 20882.07 sec
2019-11-02 12:57:35,763 - info - INFO - Starting inference /cptjack/totem/barrylee/NASH-ndpi/NASH-test/#7.ndpi...
2019-11-02 17:53:49,062 - info - INFO - Finished inference /cptjack/totem/barrylee/NASH-ndpi/NASH-test/#7.ndpi, needed 17773.30 sec
2019-11-02 17:53:49,062 - info - INFO - Starting inference /cptjack/totem/barrylee/NASH-ndpi/NASH-test/#8.ndpi...
2019-11-02 22:23:48,426 - info - INFO - Finished inference /cptjack/totem/barrylee/NASH-ndpi/NASH-test/#8.ndpi, needed 16199.36 sec
2019-11-02 22:23:48,426 - info - INFO - Starting inference /cptjack/totem/barrylee/NASH-ndpi/NASH-test/#9.ndpi...
2019-11-03 02:10:43,630 - info - INFO - Finished inference /cptjack/totem/barrylee/NASH-ndpi/NASH-test/#9.ndpi, needed 13615.20 sec
2019-11-08 07:00:35,194 - info - INFO - Starting inference /cptjack/totem/barrylee/NASH-ndpi/NASH-test/#1.ndpi...
2019-11-08 07:57:28,315 - info - INFO - Finished inference /cptjack/totem/barrylee/NASH-ndpi/NASH-test/#1.ndpi, needed 3413.12 sec
2019-11-08 07:57:28,315 - info - INFO - Starting inference /cptjack/totem/barrylee/NASH-ndpi/NASH-test/#10.ndpi...
2019-11-08 09:44:44,755 - info - INFO - Finished inference /cptjack/totem/barrylee/NASH-ndpi/NASH-test/#10.ndpi, needed 6436.44 sec
2019-11-08 09:44:44,768 - info - INFO - Starting inference /cptjack/totem/barrylee/NASH-ndpi/NASH-test/#142.ndpi...
2019-11-08 10:42:08,425 - info - INFO - Finished inference /cptjack/totem/barrylee/NASH-ndpi/NASH-test/#142.ndpi, needed 3443.66 sec
2019-11-08 10:42:08,425 - info - INFO - Starting inference /cptjack/totem/barrylee/NASH-ndpi/NASH-test/#146.ndpi...
2019-11-08 11:30:48,745 - info - INFO - Finished inference /cptjack/totem/barrylee/NASH-ndpi/NASH-test/#146.ndpi, needed 2920.32 sec
2019-11-08 11:30:48,745 - info - INFO - Starting inference /cptjack/totem/barrylee/NASH-ndpi/NASH-test/#2.ndpi...
2019-11-08 12:39:39,463 - info - INFO - Finished inference /cptjack/totem/barrylee/NASH-ndpi/NASH-test/#2.ndpi, needed 4130.72 sec
2019-11-08 12:39:39,463 - info - INFO - Starting inference /cptjack/totem/barrylee/NASH-ndpi/NASH-test/#27.ndpi...
2019-11-08 14:50:00,286 - info - INFO - Finished inference /cptjack/totem/barrylee/NASH-ndpi/NASH-test/#27.ndpi, needed 7820.82 sec
2019-11-08 14:50:00,287 - info - INFO - Starting inference /cptjack/totem/barrylee/NASH-ndpi/NASH-test/#3.ndpi...
2019-11-08 16:16:48,803 - info - INFO - Finished inference /cptjack/totem/barrylee/NASH-ndpi/NASH-test/#3.ndpi, needed 5208.52 sec
2019-11-08 16:16:48,803 - info - INFO - Starting inference /cptjack/totem/barrylee/NASH-ndpi/NASH-test/#4.ndpi...
2019-11-08 17:41:02,214 - info - INFO - Finished inference /cptjack/totem/barrylee/NASH-ndpi/NASH-test/#4.ndpi, needed 5053.41 sec
2019-11-08 17:41:02,215 - info - INFO - Starting inference /cptjack/totem/barrylee/NASH-ndpi/NASH-test/#5.ndpi...
2019-11-08 19:51:05,097 - info - INFO - Finished inference /cptjack/totem/barrylee/NASH-ndpi/NASH-test/#5.ndpi, needed 7802.88 sec
2019-11-08 19:51:05,097 - info - INFO - Starting inference /cptjack/totem/barrylee/NASH-ndpi/NASH-test/#7.ndpi...
2019-11-08 21:07:01,245 - info - INFO - Finished inference /cptjack/totem/barrylee/NASH-ndpi/NASH-test/#7.ndpi, needed 4556.15 sec
2019-11-08 21:07:01,245 - info - INFO - Starting inference /cptjack/totem/barrylee/NASH-ndpi/NASH-test/#8.ndpi...
2019-11-08 22:51:54,228 - info - INFO - Finished inference /cptjack/totem/barrylee/NASH-ndpi/NASH-test/#8.ndpi, needed 6292.98 sec
2019-11-08 22:51:54,228 - info - INFO - Starting inference /cptjack/totem/barrylee/NASH-ndpi/NASH-test/#9.ndpi...
2019-11-09 00:05:08,555 - info - INFO - Finished inference /cptjack/totem/barrylee/NASH-ndpi/NASH-test/#9.ndpi, needed 4394.33 sec
2019-11-21 03:33:59,709 - info - INFO - Starting inference /cptjack/totem/barrylee/NASH-ndpi/NASH-test/#1.ndpi...
2019-11-21 04:29:55,043 - info - INFO - Finished inference /cptjack/totem/barrylee/NASH-ndpi/NASH-test/#1.ndpi, needed 3355.33 sec
2019-11-21 04:29:55,043 - info - INFO - Starting inference /cptjack/totem/barrylee/NASH-ndpi/NASH-test/#10.ndpi...
2019-11-21 06:14:35,937 - info - INFO - Finished inference /cptjack/totem/barrylee/NASH-ndpi/NASH-test/#10.ndpi, needed 6280.89 sec
2019-11-21 06:14:35,937 - info - INFO - Starting inference /cptjack/totem/barrylee/NASH-ndpi/NASH-test/#142.ndpi...
2019-11-21 07:10:31,552 - info - INFO - Finished inference /cptjack/totem/barrylee/NASH-ndpi/NASH-test/#142.ndpi, needed 3355.61 sec
2019-11-21 07:10:31,553 - info - INFO - Starting inference /cptjack/totem/barrylee/NASH-ndpi/NASH-test/#146.ndpi...
2019-11-21 07:57:45,246 - info - INFO - Finished inference /cptjack/totem/barrylee/NASH-ndpi/NASH-test/#146.ndpi, needed 2833.69 sec
2019-11-21 07:57:45,246 - info - INFO - Starting inference /cptjack/totem/barrylee/NASH-ndpi/NASH-test/#2.ndpi...
2019-11-21 09:06:00,288 - info - INFO - Finished inference /cptjack/totem/barrylee/NASH-ndpi/NASH-test/#2.ndpi, needed 4095.04 sec
2019-11-21 09:06:00,288 - info - INFO - Starting inference /cptjack/totem/barrylee/NASH-ndpi/NASH-test/#27.ndpi...
2019-11-21 11:15:09,168 - info - INFO - Finished inference /cptjack/totem/barrylee/NASH-ndpi/NASH-test/#27.ndpi, needed 7748.88 sec
2019-11-21 11:15:09,169 - info - INFO - Starting inference /cptjack/totem/barrylee/NASH-ndpi/NASH-test/#3.ndpi...
2019-11-21 12:39:34,685 - info - INFO - Finished inference /cptjack/totem/barrylee/NASH-ndpi/NASH-test/#3.ndpi, needed 5065.52 sec
2019-11-21 12:39:34,685 - info - INFO - Starting inference /cptjack/totem/barrylee/NASH-ndpi/NASH-test/#4.ndpi...
2019-11-21 14:00:48,529 - info - INFO - Finished inference /cptjack/totem/barrylee/NASH-ndpi/NASH-test/#4.ndpi, needed 4873.84 sec
2019-11-21 14:00:48,529 - info - INFO - Starting inference /cptjack/totem/barrylee/NASH-ndpi/NASH-test/#5.ndpi...
2019-11-21 16:10:05,489 - info - INFO - Finished inference /cptjack/totem/barrylee/NASH-ndpi/NASH-test/#5.ndpi, needed 7756.96 sec
2019-11-21 16:10:05,531 - info - INFO - Starting inference /cptjack/totem/barrylee/NASH-ndpi/NASH-test/#7.ndpi...
2019-11-21 17:26:04,258 - info - INFO - Finished inference /cptjack/totem/barrylee/NASH-ndpi/NASH-test/#7.ndpi, needed 4558.73 sec
2019-11-21 17:26:04,258 - info - INFO - Starting inference /cptjack/totem/barrylee/NASH-ndpi/NASH-test/#8.ndpi...
2019-11-21 19:11:48,514 - info - INFO - Finished inference /cptjack/totem/barrylee/NASH-ndpi/NASH-test/#8.ndpi, needed 6344.26 sec
2019-11-21 19:11:48,514 - info - INFO - Starting inference /cptjack/totem/barrylee/NASH-ndpi/NASH-test/#9.ndpi...
2019-11-21 20:25:31,568 - info - INFO - Finished inference /cptjack/totem/barrylee/NASH-ndpi/NASH-test/#9.ndpi, needed 4423.05 sec
2019-11-22 05:51:58,143 - info - INFO - Starting inference /cptjack/totem/barrylee/NASH-ndpi/NASH-test/#1.ndpi...
2019-11-22 06:45:35,583 - info - INFO - Finished inference /cptjack/totem/barrylee/NASH-ndpi/NASH-test/#1.ndpi, needed 3217.44 sec
2019-11-22 06:45:35,584 - info - INFO - Starting inference /cptjack/totem/barrylee/NASH-ndpi/NASH-test/#10.ndpi...
2019-11-22 08:27:58,985 - info - INFO - Finished inference /cptjack/totem/barrylee/NASH-ndpi/NASH-test/#10.ndpi, needed 6143.40 sec
2019-11-22 08:27:59,000 - info - INFO - Starting inference /cptjack/totem/barrylee/NASH-ndpi/NASH-test/#142.ndpi...
2019-11-22 09:24:31,100 - info - INFO - Finished inference /cptjack/totem/barrylee/NASH-ndpi/NASH-test/#142.ndpi, needed 3392.10 sec
2019-11-22 09:24:31,101 - info - INFO - Starting inference /cptjack/totem/barrylee/NASH-ndpi/NASH-test/#146.ndpi...
2019-11-22 10:12:21,517 - info - INFO - Finished inference /cptjack/totem/barrylee/NASH-ndpi/NASH-test/#146.ndpi, needed 2870.42 sec
2019-11-22 10:12:21,517 - info - INFO - Starting inference /cptjack/totem/barrylee/NASH-ndpi/NASH-test/#2.ndpi...
2019-11-22 11:20:02,311 - info - INFO - Finished inference /cptjack/totem/barrylee/NASH-ndpi/NASH-test/#2.ndpi, needed 4060.79 sec
2019-11-22 11:20:02,311 - info - INFO - Starting inference /cptjack/totem/barrylee/NASH-ndpi/NASH-test/#27.ndpi...
2019-11-22 13:27:56,533 - info - INFO - Finished inference /cptjack/totem/barrylee/NASH-ndpi/NASH-test/#27.ndpi, needed 7674.22 sec
2019-11-22 13:27:56,549 - info - INFO - Starting inference /cptjack/totem/barrylee/NASH-ndpi/NASH-test/#3.ndpi...
2019-11-22 14:52:10,505 - info - INFO - Finished inference /cptjack/totem/barrylee/NASH-ndpi/NASH-test/#3.ndpi, needed 5053.96 sec
2019-11-22 14:52:10,530 - info - INFO - Starting inference /cptjack/totem/barrylee/NASH-ndpi/NASH-test/#4.ndpi...
2019-11-22 16:13:50,588 - info - INFO - Finished inference /cptjack/totem/barrylee/NASH-ndpi/NASH-test/#4.ndpi, needed 4900.06 sec
2019-11-22 16:13:50,588 - info - INFO - Starting inference /cptjack/totem/barrylee/NASH-ndpi/NASH-test/#5.ndpi...
2019-11-22 18:22:03,232 - info - INFO - Finished inference /cptjack/totem/barrylee/NASH-ndpi/NASH-test/#5.ndpi, needed 7692.64 sec
2019-11-22 18:22:03,232 - info - INFO - Starting inference /cptjack/totem/barrylee/NASH-ndpi/NASH-test/#7.ndpi...
2019-11-22 19:36:47,549 - info - INFO - Finished inference /cptjack/totem/barrylee/NASH-ndpi/NASH-test/#7.ndpi, needed 4484.32 sec
2019-11-22 19:36:47,549 - info - INFO - Starting inference /cptjack/totem/barrylee/NASH-ndpi/NASH-test/#8.ndpi...
2019-11-22 21:20:55,303 - info - INFO - Finished inference /cptjack/totem/barrylee/NASH-ndpi/NASH-test/#8.ndpi, needed 6247.75 sec
2019-11-22 21:20:55,304 - info - INFO - Starting inference /cptjack/totem/barrylee/NASH-ndpi/NASH-test/#9.ndpi...
2019-11-22 22:34:40,617 - info - INFO - Finished inference /cptjack/totem/barrylee/NASH-ndpi/NASH-test/#9.ndpi, needed 4425.31 sec
2019-11-25 03:34:18,497 - info - INFO - Starting inference /cptjack/totem/barrylee/cut_small_cell/hepat-tri-classification/big-img/#32.ndpi...
2019-11-25 04:57:59,194 - info - INFO - Finished inference /cptjack/totem/barrylee/cut_small_cell/hepat-tri-classification/big-img/#32.ndpi, needed 5020.70 sec
2019-11-25 04:57:59,194 - info - INFO - Starting inference /cptjack/totem/barrylee/cut_small_cell/hepat-tri-classification/big-img/#33.ndpi...
2019-11-25 06:21:54,220 - info - INFO - Finished inference /cptjack/totem/barrylee/cut_small_cell/hepat-tri-classification/big-img/#33.ndpi, needed 5035.03 sec
2019-11-25 06:21:54,221 - info - INFO - Starting inference /cptjack/totem/barrylee/cut_small_cell/hepat-tri-classification/big-img/#45.ndpi...
2019-11-25 07:43:28,214 - info - INFO - Finished inference /cptjack/totem/barrylee/cut_small_cell/hepat-tri-classification/big-img/#45.ndpi, needed 4893.99 sec
2019-12-02 07:21:41,018 - info - INFO - Starting inference /cptjack/totem/barrylee/NASH-ndpi/NASH-test/#12.ndpi...
2019-12-02 09:09:55,047 - info - INFO - Finished inference /cptjack/totem/barrylee/NASH-ndpi/NASH-test/#12.ndpi, needed 6494.03 sec
2019-12-02 09:09:55,048 - info - INFO - Starting inference /cptjack/totem/barrylee/NASH-ndpi/NASH-test/#13.ndpi...
2019-12-02 10:29:18,672 - info - INFO - Finished inference /cptjack/totem/barrylee/NASH-ndpi/NASH-test/#13.ndpi, needed 4763.62 sec
2019-12-02 10:29:18,673 - info - INFO - Starting inference /cptjack/totem/barrylee/NASH-ndpi/NASH-test/#14.ndpi...
2019-12-02 11:31:23,411 - info - INFO - Finished inference /cptjack/totem/barrylee/NASH-ndpi/NASH-test/#14.ndpi, needed 3724.74 sec
2019-12-02 11:31:23,412 - info - INFO - Starting inference /cptjack/totem/barrylee/NASH-ndpi/NASH-test/#147.ndpi...
2019-12-02 12:24:03,513 - info - INFO - Finished inference /cptjack/totem/barrylee/NASH-ndpi/NASH-test/#147.ndpi, needed 3160.10 sec
2019-12-02 12:24:03,513 - info - INFO - Starting inference /cptjack/totem/barrylee/NASH-ndpi/NASH-test/#150.ndpi...
2019-12-02 13:26:01,825 - info - INFO - Finished inference /cptjack/totem/barrylee/NASH-ndpi/NASH-test/#150.ndpi, needed 3718.31 sec
2019-12-02 13:26:01,826 - info - INFO - Starting inference /cptjack/totem/barrylee/NASH-ndpi/NASH-test/#20.ndpi...
2019-12-02 14:37:49,143 - info - INFO - Finished inference /cptjack/totem/barrylee/NASH-ndpi/NASH-test/#20.ndpi, needed 4307.32 sec
2019-12-02 14:37:49,144 - info - INFO - Starting inference /cptjack/totem/barrylee/NASH-ndpi/NASH-test/#21.ndpi...
2019-12-02 15:40:57,731 - info - INFO - Finished inference /cptjack/totem/barrylee/NASH-ndpi/NASH-test/#21.ndpi, needed 3788.59 sec
2019-12-02 15:40:57,731 - info - INFO - Starting inference /cptjack/totem/barrylee/NASH-ndpi/NASH-test/#23.ndpi...
2019-12-02 16:54:34,909 - info - INFO - Finished inference /cptjack/totem/barrylee/NASH-ndpi/NASH-test/#23.ndpi, needed 4417.18 sec
2019-12-02 16:54:34,909 - info - INFO - Starting inference /cptjack/totem/barrylee/NASH-ndpi/NASH-test/#25.ndpi...
2019-12-02 18:17:25,121 - info - INFO - Finished inference /cptjack/totem/barrylee/NASH-ndpi/NASH-test/#25.ndpi, needed 4970.21 sec
2019-12-02 18:17:25,122 - info - INFO - Starting inference /cptjack/totem/barrylee/NASH-ndpi/NASH-test/#26.ndpi...
2019-12-02 19:52:15,672 - info - INFO - Finished inference /cptjack/totem/barrylee/NASH-ndpi/NASH-test/#26.ndpi, needed 5690.55 sec
2019-12-02 19:52:15,673 - info - INFO - Starting inference /cptjack/totem/barrylee/NASH-ndpi/NASH-test/#38.ndpi...
2019-12-02 21:43:14,369 - info - INFO - Finished inference /cptjack/totem/barrylee/NASH-ndpi/NASH-test/#38.ndpi, needed 6658.70 sec
2019-12-02 21:43:14,369 - info - INFO - Starting inference /cptjack/totem/barrylee/NASH-ndpi/NASH-test/#46.ndpi...
2019-12-02 23:13:57,524 - info - INFO - Finished inference /cptjack/totem/barrylee/NASH-ndpi/NASH-test/#46.ndpi, needed 5443.15 sec
2019-12-02 23:13:57,524 - info - INFO - Starting inference /cptjack/totem/barrylee/NASH-ndpi/NASH-test/#47.ndpi...
2019-12-03 00:51:10,702 - info - INFO - Finished inference /cptjack/totem/barrylee/NASH-ndpi/NASH-test/#47.ndpi, needed 5833.18 sec
2019-12-03 00:51:10,702 - info - INFO - Starting inference /cptjack/totem/barrylee/NASH-ndpi/NASH-test/#51.ndpi...
2019-12-03 03:00:04,539 - info - INFO - Finished inference /cptjack/totem/barrylee/NASH-ndpi/NASH-test/#51.ndpi, needed 7733.84 sec
2019-12-03 03:00:04,539 - info - INFO - Starting inference /cptjack/totem/barrylee/NASH-ndpi/NASH-test/#58.ndpi...
2019-12-03 04:37:15,862 - info - INFO - Finished inference /cptjack/totem/barrylee/NASH-ndpi/NASH-test/#58.ndpi, needed 5831.32 sec
2019-12-03 04:37:15,863 - info - INFO - Starting inference /cptjack/totem/barrylee/NASH-ndpi/NASH-test/#61.ndpi...
2019-12-03 06:41:03,305 - info - INFO - Finished inference /cptjack/totem/barrylee/NASH-ndpi/NASH-test/#61.ndpi, needed 7427.44 sec
2019-12-03 06:41:03,305 - info - INFO - Starting inference /cptjack/totem/barrylee/NASH-ndpi/NASH-test/#62.ndpi...
2019-12-03 08:11:06,966 - info - INFO - Finished inference /cptjack/totem/barrylee/NASH-ndpi/NASH-test/#62.ndpi, needed 5403.66 sec
2019-12-03 08:11:06,966 - info - INFO - Starting inference /cptjack/totem/barrylee/NASH-ndpi/NASH-test/#63.ndpi...
2019-12-03 09:21:18,815 - info - INFO - Finished inference /cptjack/totem/barrylee/NASH-ndpi/NASH-test/#63.ndpi, needed 4211.85 sec
2019-12-03 09:21:18,815 - info - INFO - Starting inference /cptjack/totem/barrylee/NASH-ndpi/NASH-test/#65.ndpi...
2019-12-03 11:14:04,035 - info - INFO - Finished inference /cptjack/totem/barrylee/NASH-ndpi/NASH-test/#65.ndpi, needed 6765.22 sec
2019-12-03 11:14:04,035 - info - INFO - Starting inference /cptjack/totem/barrylee/NASH-ndpi/NASH-test/#67.ndpi...
2019-12-03 12:23:51,481 - info - INFO - Finished inference /cptjack/totem/barrylee/NASH-ndpi/NASH-test/#67.ndpi, needed 4187.45 sec
2019-12-03 12:23:51,481 - info - INFO - Starting inference /cptjack/totem/barrylee/NASH-ndpi/NASH-test/#69.ndpi...
2019-12-03 13:56:14,379 - info - INFO - Finished inference /cptjack/totem/barrylee/NASH-ndpi/NASH-test/#69.ndpi, needed 5542.90 sec
2019-12-03 13:56:14,379 - info - INFO - Starting inference /cptjack/totem/barrylee/NASH-ndpi/NASH-test/#70.ndpi...
2019-12-03 15:25:34,452 - info - INFO - Finished inference /cptjack/totem/barrylee/NASH-ndpi/NASH-test/#70.ndpi, needed 5360.07 sec
2019-12-03 15:25:34,452 - info - INFO - Starting inference /cptjack/totem/barrylee/NASH-ndpi/NASH-test/#71.ndpi...
2019-12-03 17:01:06,682 - info - INFO - Finished inference /cptjack/totem/barrylee/NASH-ndpi/NASH-test/#71.ndpi, needed 5732.23 sec
2019-12-03 17:01:06,683 - info - INFO - Starting inference /cptjack/totem/barrylee/NASH-ndpi/NASH-test/#72.ndpi...
2019-12-03 18:38:18,193 - info - INFO - Finished inference /cptjack/totem/barrylee/NASH-ndpi/NASH-test/#72.ndpi, needed 5831.51 sec
2019-12-03 18:38:18,194 - info - INFO - Starting inference /cptjack/totem/barrylee/NASH-ndpi/NASH-test/#74.ndpi...
2019-12-03 20:36:40,044 - info - INFO - Finished inference /cptjack/totem/barrylee/NASH-ndpi/NASH-test/#74.ndpi, needed 7101.85 sec
2019-12-03 20:36:40,045 - info - INFO - Starting inference /cptjack/totem/barrylee/NASH-ndpi/NASH-test/#75.ndpi...
2019-12-03 22:12:54,604 - info - INFO - Finished inference /cptjack/totem/barrylee/NASH-ndpi/NASH-test/#75.ndpi, needed 5774.56 sec
2019-12-03 22:12:54,607 - info - INFO - Starting inference /cptjack/totem/barrylee/NASH-ndpi/NASH-test/#76.ndpi...
2019-12-03 23:43:33,942 - info - INFO - Finished inference /cptjack/totem/barrylee/NASH-ndpi/NASH-test/#76.ndpi, needed 5439.33 sec
2019-12-03 23:43:33,943 - info - INFO - Starting inference /cptjack/totem/barrylee/NASH-ndpi/NASH-test/#77.ndpi...
2019-12-04 01:01:03,444 - info - INFO - Finished inference /cptjack/totem/barrylee/NASH-ndpi/NASH-test/#77.ndpi, needed 4649.50 sec
2019-12-04 01:01:03,445 - info - INFO - Starting inference /cptjack/totem/barrylee/NASH-ndpi/NASH-test/#79.ndpi...
2019-12-04 02:15:14,694 - info - INFO - Finished inference /cptjack/totem/barrylee/NASH-ndpi/NASH-test/#79.ndpi, needed 4451.25 sec
2019-12-04 02:15:14,694 - info - INFO - Starting inference /cptjack/totem/barrylee/NASH-ndpi/NASH-test/LIV005001-CDA Liver-G2-4 VF-4.ndpi...
2019-12-04 04:14:45,982 - info - INFO - Finished inference /cptjack/totem/barrylee/NASH-ndpi/NASH-test/LIV005001-CDA Liver-G2-4 VF-4.ndpi, needed 7171.29 sec
2019-12-04 04:14:45,982 - info - INFO - Starting inference /cptjack/totem/barrylee/NASH-ndpi/NASH-test/LIV057003 STZ+HFD #123.ndpi...
2019-12-04 05:28:42,589 - info - INFO - Finished inference /cptjack/totem/barrylee/NASH-ndpi/NASH-test/LIV057003 STZ+HFD #123.ndpi, needed 4436.61 sec
2019-12-04 05:28:42,590 - info - INFO - Starting inference /cptjack/totem/barrylee/NASH-ndpi/NASH-test/LIV999004 STZ+HFD+CHOL HE-G3-43.ndpi...
2019-12-04 05:33:33,811 - info - INFO - Starting inference /cptjack/totem/barrylee/NASH-ndpi/nash-test/#34.ndpi...
2019-12-04 06:52:51,480 - info - INFO - Finished inference /cptjack/totem/barrylee/NASH-ndpi/nash-test/#34.ndpi, needed 4757.67 sec
2019-12-04 06:52:51,491 - info - INFO - Starting inference /cptjack/totem/barrylee/NASH-ndpi/nash-test/#39.ndpi...
2019-12-04 08:12:34,671 - info - INFO - Starting inference /cptjack/totem/barrylee/NASH-ndpi/nash-test/#39.ndpi...
2019-12-04 09:34:13,604 - info - INFO - Finished inference /cptjack/totem/barrylee/NASH-ndpi/nash-test/#39.ndpi, needed 4898.93 sec
2019-12-04 09:34:13,604 - info - INFO - Starting inference /cptjack/totem/barrylee/NASH-ndpi/nash-test/#40.ndpi...
2019-12-04 11:20:00,952 - info - INFO - Starting inference /cptjack/totem/barrylee/NASH-ndpi/nash-test/#41.ndpi...
2019-12-04 12:43:46,942 - info - INFO - Finished inference /cptjack/totem/barrylee/NASH-ndpi/nash-test/#41.ndpi, needed 5025.99 sec
